(3dgs_classification_macgs) root@autodl-container-15e54bbd30-f0c4f01f:~/autodl-tmp/3DGS_classification_MACGS# python train.py
Using device: cuda
Loading packed dataset from macgs_packed_v2.pt...
Loaded! Train: 4251, Test: 1063

Start Training (Max 200 Epochs)...
Ep 1/200: 100%|████████████████████████████████████████████████████████████████████████████████████████████████████████████████████████| 178/178 [00:28<00:00,  6.25bt/s, Loss=3.58]
Result: Loss: 3.1121 | Train Acc: 14.14% | Test Acc: 26.53%
Validation accuracy improved (0.00% --> 26.53%).  Saving model...
Ep 2/200: 100%|████████████████████████████████████████████████████████████████████████████████████████████████████████████████████████| 178/178 [00:27<00:00,  6.36bt/s, Loss=1.76]
Result: Loss: 2.4986 | Train Acc: 27.55% | Test Acc: 38.95%
Validation accuracy improved (26.53% --> 38.95%).  Saving model...
Ep 3/200: 100%|████████████████████████████████████████████████████████████████████████████████████████████████████████████████████████| 178/178 [00:27<00:00,  6.36bt/s, Loss=2.50]
Result: Loss: 2.1093 | Train Acc: 38.11% | Test Acc: 44.78%
Validation accuracy improved (38.95% --> 44.78%).  Saving model...
Ep 4/200: 100%|████████████████████████████████████████████████████████████████████████████████████████████████████████████████████████| 178/178 [00:27<00:00,  6.38bt/s, Loss=5.37]
Result: Loss: 1.8896 | Train Acc: 43.80% | Test Acc: 51.65%
Validation accuracy improved (44.78% --> 51.65%).  Saving model...
Ep 5/200: 100%|████████████████████████████████████████████████████████████████████████████████████████████████████████████████████████| 178/178 [00:27<00:00,  6.38bt/s, Loss=1.88]
Result: Loss: 1.7071 | Train Acc: 49.02% | Test Acc: 54.47%
Validation accuracy improved (51.65% --> 54.47%).  Saving model...
Ep 6/200: 100%|████████████████████████████████████████████████████████████████████████████████████████████████████████████████████████| 178/178 [00:27<00:00,  6.36bt/s, Loss=3.13]
Result: Loss: 1.5612 | Train Acc: 52.95% | Test Acc: 59.64%
Validation accuracy improved (54.47% --> 59.64%).  Saving model...
Ep 7/200: 100%|████████████████████████████████████████████████████████████████████████████████████████████████████████████████████████| 178/178 [00:27<00:00,  6.36bt/s, Loss=2.31]
Result: Loss: 1.4568 | Train Acc: 55.63% | Test Acc: 56.63%
EarlyStopping counter: 1 out of 20
Ep 8/200: 100%|████████████████████████████████████████████████████████████████████████████████████████████████████████████████████████| 178/178 [00:28<00:00,  6.35bt/s, Loss=2.62]
Result: Loss: 1.3445 | Train Acc: 59.30% | Test Acc: 67.54%
Validation accuracy improved (59.64% --> 67.54%).  Saving model...
Ep 9/200: 100%|████████████████████████████████████████████████████████████████████████████████████████████████████████████████████████| 178/178 [00:28<00:00,  6.34bt/s, Loss=1.12]
Result: Loss: 1.2790 | Train Acc: 61.28% | Test Acc: 58.23%
EarlyStopping counter: 1 out of 20
Ep 10/200: 100%|███████████████████████████████████████████████████████████████████████████████████████████████████████████████████████| 178/178 [00:27<00:00,  6.36bt/s, Loss=2.62]
Result: Loss: 1.1628 | Train Acc: 65.00% | Test Acc: 65.10%
EarlyStopping counter: 2 out of 20
Ep 11/200: 100%|███████████████████████████████████████████████████████████████████████████████████████████████████████████████████████| 178/178 [00:27<00:00,  6.37bt/s, Loss=1.65]
Result: Loss: 1.1013 | Train Acc: 66.38% | Test Acc: 70.08%
Validation accuracy improved (67.54% --> 70.08%).  Saving model...
Ep 12/200: 100%|███████████████████████████████████████████████████████████████████████████████████████████████████████████████████████| 178/178 [00:28<00:00,  6.35bt/s, Loss=1.10]
Result: Loss: 1.1810 | Train Acc: 63.75% | Test Acc: 68.96%
EarlyStopping counter: 1 out of 20
Ep 13/200: 100%|███████████████████████████████████████████████████████████████████████████████████████████████████████████████████████| 178/178 [00:28<00:00,  6.36bt/s, Loss=3.38]
Result: Loss: 1.0642 | Train Acc: 68.38% | Test Acc: 73.57%
Validation accuracy improved (70.08% --> 73.57%).  Saving model...
Ep 14/200: 100%|███████████████████████████████████████████████████████████████████████████████████████████████████████████████████████| 178/178 [00:28<00:00,  6.35bt/s, Loss=6.13]
Result: Loss: 1.1879 | Train Acc: 65.00% | Test Acc: 74.98%
Validation accuracy improved (73.57% --> 74.98%).  Saving model...
Ep 15/200: 100%|███████████████████████████████████████████████████████████████████████████████████████████████████████████████████████| 178/178 [00:27<00:00,  6.38bt/s, Loss=2.70]
Result: Loss: 1.0145 | Train Acc: 69.04% | Test Acc: 74.98%
EarlyStopping counter: 1 out of 20
Ep 16/200: 100%|███████████████████████████████████████████████████████████████████████████████████████████████████████████████████████| 178/178 [00:27<00:00,  6.36bt/s, Loss=3.80]
Result: Loss: 0.9356 | Train Acc: 72.17% | Test Acc: 70.37%
EarlyStopping counter: 2 out of 20
Ep 17/200: 100%|███████████████████████████████████████████████████████████████████████████████████████████████████████████████████████| 178/178 [00:28<00:00,  6.35bt/s, Loss=1.96]
Result: Loss: 0.8524 | Train Acc: 74.10% | Test Acc: 75.92%
Validation accuracy improved (74.98% --> 75.92%).  Saving model...
Ep 18/200: 100%|███████████████████████████████████████████████████████████████████████████████████████████████████████████████████████| 178/178 [00:28<00:00,  6.35bt/s, Loss=3.18]
Result: Loss: 1.0228 | Train Acc: 68.97% | Test Acc: 75.63%
EarlyStopping counter: 1 out of 20
Ep 19/200: 100%|███████████████████████████████████████████████████████████████████████████████████████████████████████████████████████| 178/178 [00:28<00:00,  6.34bt/s, Loss=2.60]
Result: Loss: 0.8841 | Train Acc: 73.11% | Test Acc: 77.99%
Validation accuracy improved (75.92% --> 77.99%).  Saving model...
Ep 20/200: 100%|███████████████████████████████████████████████████████████████████████████████████████████████████████████████████████| 178/178 [00:27<00:00,  6.36bt/s, Loss=2.66]
Result: Loss: 0.8401 | Train Acc: 74.08% | Test Acc: 71.78%
EarlyStopping counter: 1 out of 20
Ep 21/200: 100%|███████████████████████████████████████████████████████████████████████████████████████████████████████████████████████| 178/178 [00:27<00:00,  6.40bt/s, Loss=0.64]
Result: Loss: 0.7874 | Train Acc: 75.54% | Test Acc: 78.83%
Validation accuracy improved (77.99% --> 78.83%).  Saving model...
Ep 22/200: 100%|███████████████████████████████████████████████████████████████████████████████████████████████████████████████████████| 178/178 [00:28<00:00,  6.35bt/s, Loss=2.65]
Result: Loss: 0.7400 | Train Acc: 76.69% | Test Acc: 77.05%
EarlyStopping counter: 1 out of 20
Ep 23/200: 100%|███████████████████████████████████████████████████████████████████████████████████████████████████████████████████████| 178/178 [00:28<00:00,  6.32bt/s, Loss=4.31]
Result: Loss: 0.8218 | Train Acc: 74.31% | Test Acc: 81.47%
Validation accuracy improved (78.83% --> 81.47%).  Saving model...
Ep 24/200: 100%|███████████████████████████████████████████████████████████████████████████████████████████████████████████████████████| 178/178 [00:28<00:00,  6.35bt/s, Loss=1.10]
Result: Loss: 0.7089 | Train Acc: 78.26% | Test Acc: 79.40%
EarlyStopping counter: 1 out of 20
Ep 25/200: 100%|███████████████████████████████████████████████████████████████████████████████████████████████████████████████████████| 178/178 [00:28<00:00,  6.35bt/s, Loss=1.24]
Result: Loss: 0.7019 | Train Acc: 78.17% | Test Acc: 76.95%
EarlyStopping counter: 2 out of 20
Ep 26/200: 100%|███████████████████████████████████████████████████████████████████████████████████████████████████████████████████████| 178/178 [00:27<00:00,  6.40bt/s, Loss=1.72]
Result: Loss: 0.6633 | Train Acc: 79.56% | Test Acc: 78.93%
EarlyStopping counter: 3 out of 20
Ep 27/200: 100%|███████████████████████████████████████████████████████████████████████████████████████████████████████████████████████| 178/178 [00:27<00:00,  6.37bt/s, Loss=1.21]
Result: Loss: 0.6339 | Train Acc: 80.08% | Test Acc: 82.13%
Validation accuracy improved (81.47% --> 82.13%).  Saving model...
Ep 28/200: 100%|███████████████████████████████████████████████████████████████████████████████████████████████████████████████████████| 178/178 [00:27<00:00,  6.36bt/s, Loss=0.89]
Result: Loss: 0.6094 | Train Acc: 80.69% | Test Acc: 81.66%
EarlyStopping counter: 1 out of 20
Ep 29/200: 100%|███████████████████████████████████████████████████████████████████████████████████████████████████████████████████████| 178/178 [00:28<00:00,  6.34bt/s, Loss=1.66]
Result: Loss: 0.6449 | Train Acc: 80.69% | Test Acc: 80.06%
EarlyStopping counter: 2 out of 20
Ep 30/200: 100%|███████████████████████████████████████████████████████████████████████████████████████████████████████████████████████| 178/178 [00:28<00:00,  6.36bt/s, Loss=1.24]
Result: Loss: 0.5762 | Train Acc: 81.75% | Test Acc: 81.28%
EarlyStopping counter: 3 out of 20
Ep 31/200: 100%|███████████████████████████████████████████████████████████████████████████████████████████████████████████████████████| 178/178 [00:27<00:00,  6.42bt/s, Loss=0.26]
Result: Loss: 0.4889 | Train Acc: 83.91% | Test Acc: 83.82%
Validation accuracy improved (82.13% --> 83.82%).  Saving model...
Ep 32/200: 100%|███████████████████████████████████████████████████████████████████████████████████████████████████████████████████████| 178/178 [00:28<00:00,  6.34bt/s, Loss=4.70]
Result: Loss: 0.4816 | Train Acc: 85.82% | Test Acc: 83.82%
EarlyStopping counter: 1 out of 20
Ep 33/200: 100%|███████████████████████████████████████████████████████████████████████████████████████████████████████████████████████| 178/178 [00:28<00:00,  6.31bt/s, Loss=1.23]
Result: Loss: 0.4330 | Train Acc: 86.64% | Test Acc: 83.35%
EarlyStopping counter: 2 out of 20
Ep 34/200: 100%|███████████████████████████████████████████████████████████████████████████████████████████████████████████████████████| 178/178 [00:27<00:00,  6.41bt/s, Loss=1.27]
Result: Loss: 0.4238 | Train Acc: 86.40% | Test Acc: 85.04%
Validation accuracy improved (83.82% --> 85.04%).  Saving model...
Ep 35/200: 100%|███████████████████████████████████████████████████████████████████████████████████████████████████████████████████████| 178/178 [00:28<00:00,  6.29bt/s, Loss=7.18]
Result: Loss: 0.4237 | Train Acc: 87.53% | Test Acc: 84.01%
EarlyStopping counter: 1 out of 20
Ep 36/200: 100%|██████████████████████████████████████████████████████████████████████████████████████████████████████████████████████| 178/178 [00:27<00:00,  6.36bt/s, Loss=12.78]
Result: Loss: 0.4793 | Train Acc: 86.47% | Test Acc: 84.29%
EarlyStopping counter: 2 out of 20
Ep 37/200: 100%|███████████████████████████████████████████████████████████████████████████████████████████████████████████████████████| 178/178 [00:27<00:00,  6.36bt/s, Loss=0.51]
Result: Loss: 0.4535 | Train Acc: 85.58% | Test Acc: 82.78%
EarlyStopping counter: 3 out of 20
Ep 38/200: 100%|███████████████████████████████████████████████████████████████████████████████████████████████████████████████████████| 178/178 [00:27<00:00,  6.36bt/s, Loss=1.42]
Result: Loss: 0.3720 | Train Acc: 88.59% | Test Acc: 84.76%
EarlyStopping counter: 4 out of 20
Ep 39/200: 100%|███████████████████████████████████████████████████████████████████████████████████████████████████████████████████████| 178/178 [00:27<00:00,  6.37bt/s, Loss=3.99]
Result: Loss: 0.4008 | Train Acc: 87.53% | Test Acc: 84.10%
EarlyStopping counter: 5 out of 20
Ep 40/200: 100%|███████████████████████████████████████████████████████████████████████████████████████████████████████████████████████| 178/178 [00:28<00:00,  6.36bt/s, Loss=3.74]
Result: Loss: 0.5009 | Train Acc: 84.19% | Test Acc: 84.95%
EarlyStopping counter: 6 out of 20
Ep 41/200: 100%|███████████████████████████████████████████████████████████████████████████████████████████████████████████████████████| 178/178 [00:28<00:00,  6.36bt/s, Loss=0.06]
Result: Loss: 0.3787 | Train Acc: 88.05% | Test Acc: 85.23%
Validation accuracy improved (85.04% --> 85.23%).  Saving model...
Ep 42/200: 100%|███████████████████████████████████████████████████████████████████████████████████████████████████████████████████████| 178/178 [00:27<00:00,  6.41bt/s, Loss=1.22]
Result: Loss: 0.3415 | Train Acc: 89.46% | Test Acc: 85.42%
Validation accuracy improved (85.23% --> 85.42%).  Saving model...
Ep 43/200: 100%|███████████████████████████████████████████████████████████████████████████████████████████████████████████████████████| 178/178 [00:27<00:00,  6.39bt/s, Loss=0.41]
Result: Loss: 0.3417 | Train Acc: 88.92% | Test Acc: 86.27%
Validation accuracy improved (85.42% --> 86.27%).  Saving model...
Ep 44/200: 100%|███████████████████████████████████████████████████████████████████████████████████████████████████████████████████████| 178/178 [00:28<00:00,  6.34bt/s, Loss=3.30]
Result: Loss: 0.3259 | Train Acc: 90.14% | Test Acc: 84.20%
EarlyStopping counter: 1 out of 20
Ep 45/200: 100%|███████████████████████████████████████████████████████████████████████████████████████████████████████████████████████| 178/178 [00:28<00:00,  6.31bt/s, Loss=1.09]
Result: Loss: 0.4446 | Train Acc: 86.07% | Test Acc: 83.63%
EarlyStopping counter: 2 out of 20
Ep 46/200: 100%|███████████████████████████████████████████████████████████████████████████████████████████████████████████████████████| 178/178 [00:28<00:00,  6.33bt/s, Loss=1.49]
Result: Loss: 0.3515 | Train Acc: 89.11% | Test Acc: 84.67%
EarlyStopping counter: 3 out of 20
Ep 47/200: 100%|███████████████████████████████████████████████████████████████████████████████████████████████████████████████████████| 178/178 [00:28<00:00,  6.34bt/s, Loss=1.29]
Result: Loss: 0.3127 | Train Acc: 89.98% | Test Acc: 84.76%
EarlyStopping counter: 4 out of 20
Ep 48/200: 100%|███████████████████████████████████████████████████████████████████████████████████████████████████████████████████████| 178/178 [00:28<00:00,  6.34bt/s, Loss=1.18]
Result: Loss: 0.3066 | Train Acc: 90.87% | Test Acc: 84.67%
EarlyStopping counter: 5 out of 20
Ep 49/200: 100%|███████████████████████████████████████████████████████████████████████████████████████████████████████████████████████| 178/178 [00:27<00:00,  6.36bt/s, Loss=3.73]
Result: Loss: 0.5542 | Train Acc: 83.32% | Test Acc: 82.88%
EarlyStopping counter: 6 out of 20
Ep 50/200: 100%|███████████████████████████████████████████████████████████████████████████████████████████████████████████████████████| 178/178 [00:27<00:00,  6.36bt/s, Loss=4.06]
Result: Loss: 0.3976 | Train Acc: 87.91% | Test Acc: 83.35%
EarlyStopping counter: 7 out of 20
Ep 51/200: 100%|███████████████████████████████████████████████████████████████████████████████████████████████████████████████████████| 178/178 [00:27<00:00,  6.37bt/s, Loss=1.14]
Result: Loss: 0.3154 | Train Acc: 89.86% | Test Acc: 83.63%
EarlyStopping counter: 8 out of 20
Ep 52/200: 100%|███████████████████████████████████████████████████████████████████████████████████████████████████████████████████████| 178/178 [00:27<00:00,  6.36bt/s, Loss=2.05]
Result: Loss: 0.2970 | Train Acc: 90.64% | Test Acc: 84.95%
EarlyStopping counter: 9 out of 20
Ep 53/200: 100%|███████████████████████████████████████████████████████████████████████████████████████████████████████████████████████| 178/178 [00:27<00:00,  6.36bt/s, Loss=1.70]
Result: Loss: 0.2877 | Train Acc: 90.78% | Test Acc: 84.20%
EarlyStopping counter: 10 out of 20
Ep 54/200: 100%|███████████████████████████████████████████████████████████████████████████████████████████████████████████████████████| 178/178 [00:27<00:00,  6.36bt/s, Loss=0.16]
Result: Loss: 0.2618 | Train Acc: 91.77% | Test Acc: 84.67%
EarlyStopping counter: 11 out of 20
Ep 55/200: 100%|███████████████████████████████████████████████████████████████████████████████████████████████████████████████████████| 178/178 [00:28<00:00,  6.35bt/s, Loss=2.16]
Result: Loss: 0.2734 | Train Acc: 91.60% | Test Acc: 83.91%
EarlyStopping counter: 12 out of 20
Ep 56/200: 100%|███████████████████████████████████████████████████████████████████████████████████████████████████████████████████████| 178/178 [00:28<00:00,  6.36bt/s, Loss=0.98]
Result: Loss: 0.2364 | Train Acc: 92.50% | Test Acc: 83.25%
EarlyStopping counter: 13 out of 20
Ep 57/200: 100%|███████████████████████████████████████████████████████████████████████████████████████████████████████████████████████| 178/178 [00:27<00:00,  6.36bt/s, Loss=0.24]
Result: Loss: 0.2485 | Train Acc: 92.05% | Test Acc: 84.76%
EarlyStopping counter: 14 out of 20
Ep 58/200: 100%|███████████████████████████████████████████████████████████████████████████████████████████████████████████████████████| 178/178 [00:27<00:00,  6.36bt/s, Loss=0.59]
Result: Loss: 0.2316 | Train Acc: 92.38% | Test Acc: 85.14%
EarlyStopping counter: 15 out of 20
Ep 59/200: 100%|███████████████████████████████████████████████████████████████████████████████████████████████████████████████████████| 178/178 [00:27<00:00,  6.36bt/s, Loss=0.63]
Result: Loss: 0.2174 | Train Acc: 93.30% | Test Acc: 84.48%
EarlyStopping counter: 16 out of 20
Ep 60/200: 100%|███████████████████████████████████████████████████████████████████████████████████████████████████████████████████████| 178/178 [00:27<00:00,  6.36bt/s, Loss=1.84]
Result: Loss: 0.2339 | Train Acc: 92.64% | Test Acc: 85.04%
EarlyStopping counter: 17 out of 20
Ep 61/200: 100%|███████████████████████████████████████████████████████████████████████████████████████████████████████████████████████| 178/178 [00:27<00:00,  6.36bt/s, Loss=0.34]
Result: Loss: 0.2017 | Train Acc: 93.67% | Test Acc: 85.32%
EarlyStopping counter: 18 out of 20
Ep 62/200: 100%|███████████████████████████████████████████████████████████████████████████████████████████████████████████████████████| 178/178 [00:27<00:00,  6.36bt/s, Loss=7.37]
Result: Loss: 0.2303 | Train Acc: 93.55% | Test Acc: 85.79%
EarlyStopping counter: 19 out of 20
Ep 63/200: 100%|███████████████████████████████████████████████████████████████████████████████████████████████████████████████████████| 178/178 [00:27<00:00,  6.36bt/s, Loss=4.40]
Result: Loss: 0.1909 | Train Acc: 94.94% | Test Acc: 86.45%
Validation accuracy improved (86.27% --> 86.45%).  Saving model...
Ep 64/200: 100%|███████████████████████████████████████████████████████████████████████████████████████████████████████████████████████| 178/178 [00:27<00:00,  6.36bt/s, Loss=0.19]
Result: Loss: 0.1806 | Train Acc: 94.17% | Test Acc: 85.61%
EarlyStopping counter: 1 out of 20
Ep 65/200: 100%|███████████████████████████████████████████████████████████████████████████████████████████████████████████████████████| 178/178 [00:28<00:00,  6.36bt/s, Loss=9.93]
Result: Loss: 0.2133 | Train Acc: 94.64% | Test Acc: 87.11%
Validation accuracy improved (86.45% --> 87.11%).  Saving model...
Ep 66/200: 100%|███████████████████████████████████████████████████████████████████████████████████████████████████████████████████████| 178/178 [00:28<00:00,  6.36bt/s, Loss=1.43]
Result: Loss: 0.1802 | Train Acc: 94.52% | Test Acc: 85.98%
EarlyStopping counter: 1 out of 20
Ep 67/200: 100%|███████████████████████████████████████████████████████████████████████████████████████████████████████████████████████| 178/178 [00:28<00:00,  6.30bt/s, Loss=0.89]
Result: Loss: 0.1782 | Train Acc: 94.35% | Test Acc: 86.27%
EarlyStopping counter: 2 out of 20
Ep 68/200: 100%|███████████████████████████████████████████████████████████████████████████████████████████████████████████████████████| 178/178 [00:27<00:00,  6.36bt/s, Loss=3.56]
Result: Loss: 0.1704 | Train Acc: 95.27% | Test Acc: 86.83%
EarlyStopping counter: 3 out of 20
Ep 69/200: 100%|███████████████████████████████████████████████████████████████████████████████████████████████████████████████████████| 178/178 [00:27<00:00,  6.36bt/s, Loss=1.04]
Result: Loss: 0.1508 | Train Acc: 95.60% | Test Acc: 85.98%
EarlyStopping counter: 4 out of 20
Ep 70/200: 100%|███████████████████████████████████████████████████████████████████████████████████████████████████████████████████████| 178/178 [00:28<00:00,  6.33bt/s, Loss=0.01]
Result: Loss: 0.1644 | Train Acc: 94.50% | Test Acc: 87.39%
Validation accuracy improved (87.11% --> 87.39%).  Saving model...
Ep 71/200: 100%|███████████████████████████████████████████████████████████████████████████████████████████████████████████████████████| 178/178 [00:28<00:00,  6.36bt/s, Loss=1.18]
Result: Loss: 0.1511 | Train Acc: 95.48% | Test Acc: 86.36%
EarlyStopping counter: 1 out of 20
Ep 72/200: 100%|███████████████████████████████████████████████████████████████████████████████████████████████████████████████████████| 178/178 [00:28<00:00,  6.36bt/s, Loss=3.93]
Result: Loss: 0.1688 | Train Acc: 95.18% | Test Acc: 86.45%
EarlyStopping counter: 2 out of 20
Ep 73/200: 100%|███████████████████████████████████████████████████████████████████████████████████████████████████████████████████████| 178/178 [00:27<00:00,  6.36bt/s, Loss=1.76]
Result: Loss: 0.1771 | Train Acc: 94.54% | Test Acc: 85.70%
EarlyStopping counter: 3 out of 20
Ep 74/200: 100%|███████████████████████████████████████████████████████████████████████████████████████████████████████████████████████| 178/178 [00:27<00:00,  6.36bt/s, Loss=4.79]
Result: Loss: 0.2024 | Train Acc: 94.47% | Test Acc: 86.92%
EarlyStopping counter: 4 out of 20
Ep 75/200: 100%|███████████████████████████████████████████████████████████████████████████████████████████████████████████████████████| 178/178 [00:28<00:00,  6.35bt/s, Loss=9.14]
Result: Loss: 0.1976 | Train Acc: 95.11% | Test Acc: 86.17%
EarlyStopping counter: 5 out of 20
Ep 76/200: 100%|███████████████████████████████████████████████████████████████████████████████████████████████████████████████████████| 178/178 [00:27<00:00,  6.36bt/s, Loss=2.28]
Result: Loss: 0.1678 | Train Acc: 94.80% | Test Acc: 85.51%
EarlyStopping counter: 6 out of 20
Ep 77/200: 100%|███████████████████████████████████████████████████████████████████████████████████████████████████████████████████████| 178/178 [00:28<00:00,  6.35bt/s, Loss=0.37]
Result: Loss: 0.1551 | Train Acc: 95.01% | Test Acc: 86.74%
EarlyStopping counter: 7 out of 20
Ep 78/200: 100%|███████████████████████████████████████████████████████████████████████████████████████████████████████████████████████| 178/178 [00:27<00:00,  6.36bt/s, Loss=1.34]
Result: Loss: 0.1622 | Train Acc: 94.75% | Test Acc: 86.27%
EarlyStopping counter: 8 out of 20
Ep 79/200: 100%|███████████████████████████████████████████████████████████████████████████████████████████████████████████████████████| 178/178 [00:27<00:00,  6.47bt/s, Loss=2.15]
Result: Loss: 0.1670 | Train Acc: 94.90% | Test Acc: 85.23%
EarlyStopping counter: 9 out of 20
Ep 80/200: 100%|███████████████████████████████████████████████████████████████████████████████████████████████████████████████████████| 178/178 [00:28<00:00,  6.34bt/s, Loss=7.49]
Result: Loss: 0.1678 | Train Acc: 96.28% | Test Acc: 86.27%
EarlyStopping counter: 10 out of 20
Ep 81/200: 100%|███████████████████████████████████████████████████████████████████████████████████████████████████████████████████████| 178/178 [00:27<00:00,  6.36bt/s, Loss=0.02]
Result: Loss: 0.1219 | Train Acc: 96.28% | Test Acc: 87.02%
EarlyStopping counter: 11 out of 20
Ep 82/200: 100%|███████████████████████████████████████████████████████████████████████████████████████████████████████████████████████| 178/178 [00:28<00:00,  6.35bt/s, Loss=1.84]
Result: Loss: 0.1245 | Train Acc: 96.45% | Test Acc: 86.74%
EarlyStopping counter: 12 out of 20
Ep 83/200: 100%|███████████████████████████████████████████████████████████████████████████████████████████████████████████████████████| 178/178 [00:28<00:00,  6.34bt/s, Loss=3.08]
Result: Loss: 0.1490 | Train Acc: 96.00% | Test Acc: 86.55%
EarlyStopping counter: 13 out of 20
Ep 84/200: 100%|███████████████████████████████████████████████████████████████████████████████████████████████████████████████████████| 178/178 [00:27<00:00,  6.36bt/s, Loss=1.44]
Result: Loss: 0.1380 | Train Acc: 95.95% | Test Acc: 86.74%
EarlyStopping counter: 14 out of 20
Ep 85/200: 100%|███████████████████████████████████████████████████████████████████████████████████████████████████████████████████████| 178/178 [00:28<00:00,  6.34bt/s, Loss=3.73]
Result: Loss: 0.1635 | Train Acc: 95.06% | Test Acc: 87.21%
EarlyStopping counter: 15 out of 20
Ep 86/200: 100%|███████████████████████████████████████████████████████████████████████████████████████████████████████████████████████| 178/178 [00:28<00:00,  6.36bt/s, Loss=3.11]
Result: Loss: 0.1533 | Train Acc: 95.74% | Test Acc: 86.83%
EarlyStopping counter: 16 out of 20
Ep 87/200: 100%|███████████████████████████████████████████████████████████████████████████████████████████████████████████████████████| 178/178 [00:27<00:00,  6.37bt/s, Loss=0.08]
Result: Loss: 0.1507 | Train Acc: 94.94% | Test Acc: 87.30%
EarlyStopping counter: 17 out of 20
Ep 88/200: 100%|███████████████████████████████████████████████████████████████████████████████████████████████████████████████████████| 178/178 [00:27<00:00,  6.37bt/s, Loss=2.28]
Result: Loss: 0.1355 | Train Acc: 95.95% | Test Acc: 85.23%
EarlyStopping counter: 18 out of 20
Ep 89/200: 100%|███████████████████████████████████████████████████████████████████████████████████████████████████████████████████████| 178/178 [00:28<00:00,  6.33bt/s, Loss=0.06]
Result: Loss: 0.1398 | Train Acc: 95.81% | Test Acc: 85.98%
EarlyStopping counter: 19 out of 20
Ep 90/200: 100%|███████████████████████████████████████████████████████████████████████████████████████████████████████████████████████| 178/178 [00:28<00:00,  6.30bt/s, Loss=4.54]
Result: Loss: 0.1373 | Train Acc: 96.57% | Test Acc: 86.45%
EarlyStopping counter: 20 out of 20
Early stopping triggered! Training finished.
Final Best Test Accuracy: 87.39%